<?xml version="1.0" encoding="UTF-8"?>
<!-- Generated by org.testng.reporters.JUnitXMLReporter -->
<testsuite hostname="HP-PC" ignored="0" name="ChromeTest" tests="6" failures="0" timestamp="2021-01-22T14:26:30 IST" time="0.231" errors="0">
  <testcase name="tc2" time="0.016" classname="firstPackage.login"/>
  <testcase name="tc1" time="0.005" classname="firstPackage.login"/>
  <testcase name="tc3" time="0.005" classname="firstPackage.login"/>
  <testcase name="tc04" time="0.005" classname="firstPackage.payment"/>
  <testcase name="tc04" time="0.005" classname="firstPackage.payment"/>
  <testcase name="tc04" time="0.0" classname="firstPackage.payment"/>
</testsuite> <!-- ChromeTest -->
