<?xml version="1.0" encoding="UTF-8"?>
<!-- Generated by org.testng.reporters.JUnitXMLReporter -->
<testsuite hostname="HP-PC" ignored="0" name="IeTest" tests="6" failures="0" timestamp="2021-01-22T13:23:53 IST" time="0.075" errors="0">
  <testcase name="tc2" time="0.0" classname="firstPackage.login"/>
  <testcase name="tc1" time="0.005" classname="firstPackage.login"/>
  <testcase name="tc3" time="0.005" classname="firstPackage.login"/>
  <testcase name="tc04" time="0.005" classname="firstPackage.payment"/>
  <testcase name="tc04" time="0.005" classname="firstPackage.payment"/>
  <testcase name="tc04" time="0.005" classname="firstPackage.payment"/>
</testsuite> <!-- IeTest -->
