<?xml version="1.0" encoding="UTF-8"?>
<!-- Generated by org.testng.reporters.JUnitXMLReporter -->
<testsuite hostname="HP-PC" name="Testngg" tests="5" failures="0" timestamp="27 Jan 2021 10:11:17 GMT" time="0.155" errors="0">
  <testcase name="@AfterMethod getResult" time="0.0" classname="firstPackage.payment">
    <failure type="java.lang.NullPointerException">
      <![CDATA[java.lang.NullPointerException
	at firstPackage.base.getResult(base.java:38)
... Removed 26 stack frames]]>
    </failure>
  </testcase> <!-- @AfterMethod getResult -->
  <testcase name="@BeforeMethod launchbrowser" time="0.0" classname="firstPackage.payment">
    <skipped/>
  </testcase> <!-- @BeforeMethod launchbrowser -->
  <testcase name="@AfterMethod closebrowser" time="0.0" classname="firstPackage.payment">
    <skipped/>
  </testcase> <!-- @AfterMethod closebrowser -->
  <testcase name="@AfterMethod getResult" time="0.0" classname="firstPackage.payment">
    <skipped/>
  </testcase> <!-- @AfterMethod getResult -->
  <testcase name="@BeforeMethod launchbrowser" time="0.0" classname="firstPackage.login">
    <skipped/>
  </testcase> <!-- @BeforeMethod launchbrowser -->
  <testcase name="@AfterMethod closebrowser" time="0.0" classname="firstPackage.login">
    <skipped/>
  </testcase> <!-- @AfterMethod closebrowser -->
  <testcase name="@AfterMethod getResult" time="0.0" classname="firstPackage.login">
    <skipped/>
  </testcase> <!-- @AfterMethod getResult -->
  <testcase name="@BeforeMethod launchbrowser" time="0.0" classname="firstPackage.login">
    <skipped/>
  </testcase> <!-- @BeforeMethod launchbrowser -->
  <testcase name="@AfterMethod closebrowser" time="0.0" classname="firstPackage.login">
    <skipped/>
  </testcase> <!-- @AfterMethod closebrowser -->
  <testcase name="@AfterMethod getResult" time="0.0" classname="firstPackage.login">
    <skipped/>
  </testcase> <!-- @AfterMethod getResult -->
  <testcase name="@BeforeMethod launchbrowser" time="0.0" classname="firstPackage.login">
    <skipped/>
  </testcase> <!-- @BeforeMethod launchbrowser -->
  <testcase name="@AfterMethod closebrowser" time="0.0" classname="firstPackage.login">
    <skipped/>
  </testcase> <!-- @AfterMethod closebrowser -->
  <testcase name="@AfterMethod getResult" time="0.0" classname="firstPackage.login">
    <skipped/>
  </testcase> <!-- @AfterMethod getResult -->
  <testcase name="tc04" time="0.015" classname="firstPackage.payment"/>
  <testcase name="tc04" time="0.003" classname="firstPackage.payment">
    <skipped/>
  </testcase> <!-- tc04 -->
  <testcase name="tc1" time="0.004" classname="firstPackage.login">
    <skipped/>
  </testcase> <!-- tc1 -->
  <testcase name="tc2" time="0.003" classname="firstPackage.login">
    <skipped/>
  </testcase> <!-- tc2 -->
  <testcase name="tc3" time="0.003" classname="firstPackage.login">
    <skipped/>
  </testcase> <!-- tc3 -->
</testsuite> <!-- Testngg -->
