<?xml version="1.0" encoding="UTF-8"?>
<!-- Generated by org.testng.reporters.JUnitXMLReporter -->
<testsuite hostname="HP-PC" name="Test" tests="5" failures="1" timestamp="27 Jan 2021 10:15:00 GMT" time="0.153" errors="0">
  <testcase name="tc1" time="0.048" classname="firstPackage.login">
    <failure type="java.lang.AssertionError" message="expected [false] but found [true]">
      <![CDATA[java.lang.AssertionError: expected [false] but found [true]
	at firstPackage.login.tc1(login.java:22)
... Removed 28 stack frames]]>
    </failure>
  </testcase> <!-- tc1 -->
  <testcase name="tc2" time="0.007" classname="firstPackage.login"/>
  <testcase name="tc3" time="0.005" classname="firstPackage.login"/>
  <testcase name="tc04" time="0.007" classname="firstPackage.payment"/>
  <testcase name="tc04" time="0.004" classname="firstPackage.payment"/>
</testsuite> <!-- Test -->
